<?xml version="1.0" encoding="UTF-8"?>
<!-- Generated by org.testng.reporters.JUnitReportReporter -->
<testsuite skipped="0" hostname="LAPTOP-O0A0UR2O" name="tests.VerifyPage" tests="1" failures="0" timestamp="21 Nov 2016 17:33:02 GMT" time="28.613" errors="0">
  <testcase name="signinVerification" time="28.613" classname="tests.VerifyPage"/>
</testsuite> <!-- tests.VerifyPage -->
